Log file open, 02/07/19 02:17:30
LogWindows: Failed to load 'aqProf.dll' (GetLastError=126)
LogWindows: File 'aqProf.dll' does not exist
LogWindows: Failed to load 'VtuneApi.dll' (GetLastError=126)
LogWindows: File 'VtuneApi.dll' does not exist
LogWindows: Failed to load 'VtuneApi32e.dll' (GetLastError=126)
LogWindows: File 'VtuneApi32e.dll' does not exist
LogInit: Display: Running engine for game: SpaceBallz
LogPlatformFile: Not using cached read wrapper
LogTaskGraph: Started task graph with 5 named threads and 14 total threads with 3 sets of task threads.
LogStats: Stats thread started at 0.217940
LogD3D11RHI: Loaded GFSDK_Aftermath_Lib.x64.dll
LogICUInternationalization: Display: ICU TimeZone Detection - Raw Offset: -5:00, Platform Override: ''
LogPluginManager: Mounting plugin Paper2D
LogPluginManager: Mounting plugin AISupport
LogPluginManager: Mounting plugin LightPropagationVolume
LogPluginManager: Mounting plugin CLionSourceCodeAccess
LogPluginManager: Mounting plugin CodeLiteSourceCodeAccess
LogPluginManager: Mounting plugin GitSourceControl
LogPluginManager: Mounting plugin KDevelopSourceCodeAccess
LogPluginManager: Mounting plugin NullSourceCodeAccess
LogPluginManager: Mounting plugin PerforceSourceControl
LogPluginManager: Mounting plugin SubversionSourceControl
LogPluginManager: Mounting plugin UObjectPlugin
LogPluginManager: Mounting plugin VisualStudioCodeSourceCodeAccess
LogPluginManager: Mounting plugin VisualStudioSourceCodeAccess
LogPluginManager: Mounting plugin XCodeSourceCodeAccess
LogPluginManager: Mounting plugin AssetManagerEditor
LogPluginManager: Mounting plugin CryptoKeys
LogPluginManager: Mounting plugin DataValidation
LogPluginManager: Mounting plugin FacialAnimation
LogPluginManager: Mounting plugin GameplayTagsEditor
LogPluginManager: Mounting plugin MacGraphicsSwitching
LogPluginManager: Mounting plugin MeshEditor
LogPluginManager: Mounting plugin MobileLauncherProfileWizard
LogPluginManager: Mounting plugin PluginBrowser
LogPluginManager: Mounting plugin SpeedTreeImporter
LogPluginManager: Mounting plugin DatasmithContent
LogPluginManager: Mounting plugin AlembicImporter
LogPluginManager: Mounting plugin AppleImageUtils
LogPluginManager: Mounting plugin AppleVision
LogPluginManager: Mounting plugin BackChannel
LogPluginManager: Mounting plugin CharacterAI
LogPluginManager: Mounting plugin GeometryCache
LogPluginManager: Mounting plugin HTML5Networking
LogPluginManager: Mounting plugin ProxyLODPlugin
LogPluginManager: Mounting plugin MagicLeap
LogPluginManager: Mounting plugin MagicLeapEmulator
LogPluginManager: Mounting plugin MagicLeapMedia
LogPluginManager: Mounting plugin AndroidMedia
LogPluginManager: Mounting plugin AvfMedia
LogPluginManager: Mounting plugin ImgMedia
LogPluginManager: Mounting plugin LinearTimecode
LogPluginManager: Mounting plugin MediaCompositing
LogPluginManager: Mounting plugin MediaPlayerEditor
LogPluginManager: Mounting plugin WmfMedia
LogPluginManager: Mounting plugin TcpMessaging
LogPluginManager: Mounting plugin UdpMessaging
LogPluginManager: Mounting plugin ActorSequence
LogPluginManager: Mounting plugin LevelSequenceEditor
LogPluginManager: Mounting plugin MatineeToLevelSequence
LogPluginManager: Mounting plugin NetcodeUnitTest
LogPluginManager: Mounting plugin NUTUnrealEngine4
LogPluginManager: Mounting plugin OnlineSubsystemGooglePlay
LogPluginManager: Mounting plugin OnlineSubsystemIOS
LogPluginManager: Mounting plugin OnlineSubsystem
LogPluginManager: Mounting plugin OnlineSubsystemNull
LogPluginManager: Mounting plugin OnlineSubsystemUtils
LogPluginManager: Mounting plugin LauncherChunkInstaller
LogPluginManager: Mounting plugin AndroidDeviceProfileSelector
LogPluginManager: Mounting plugin AndroidMoviePlayer
LogPluginManager: Mounting plugin AndroidPermission
LogPluginManager: Mounting plugin AppleMoviePlayer
LogPluginManager: Mounting plugin ArchVisCharacter
LogPluginManager: Mounting plugin AudioCapture
LogPluginManager: Mounting plugin CableComponent
LogPluginManager: Mounting plugin CustomMeshComponent
LogPluginManager: Mounting plugin EditableMesh
LogPluginManager: Mounting plugin ExampleDeviceProfileSelector
LogPluginManager: Mounting plugin GoogleCloudMessaging
LogPluginManager: Mounting plugin ImmediatePhysics
LogPluginManager: Mounting plugin IOSDeviceProfileSelector
LogPluginManager: Mounting plugin LinuxDeviceProfileSelector
LogPluginManager: Mounting plugin LocationServicesBPLibrary
LogPluginManager: Mounting plugin MobilePatchingUtils
LogPluginManager: Mounting plugin OculusVR
LogPluginManager: Plugin shader directory ../../../Engine/Plugins/Runtime/Oculus/OculusVR/Shaders found
LogPluginManager: Mapping shader source directory ../../../Engine/Plugins/Runtime/Oculus/OculusVR/Shaders to virtual directory /Plugin/OculusVR
LogPluginManager: Mounting plugin PhysXVehicles
LogPluginManager: Mounting plugin ProceduralMeshComponent
LogPluginManager: Mounting plugin RuntimePhysXCooking
LogPluginManager: Mounting plugin SteamVR
LogPluginManager: Mounting plugin WindowsMoviePlayer
LogStreaming: Display: Took  0.381s to configure plugins.
LogInit: Using libcurl 7.55.1-DEV
LogInit:  - built for x86_64-pc-win32
LogInit:  - supports SSL with OpenSSL/1.0.2h
LogInit:  - supports HTTP deflate (compression) using libz 1.2.8
LogInit:  - other features:
LogInit:      CURL_VERSION_SSL
LogInit:      CURL_VERSION_LIBZ
LogInit:      CURL_VERSION_IPV6
LogInit:      CURL_VERSION_ASYNCHDNS
LogInit:      CURL_VERSION_LARGEFILE
LogInit:      CURL_VERSION_IDN
LogInit:  CurlRequestOptions (configurable via config and command line):
LogInit:  - bVerifyPeer = false  - Libcurl will NOT verify peer certificate
LogInit:  - bUseHttpProxy = false  - Libcurl will NOT use HTTP proxy
LogInit:  - bDontReuseConnections = false  - Libcurl will reuse connections
LogInit:  - CertBundlePath = nullptr  - Libcurl will use whatever was configured at build time.
LogInit:  - MaxHostConnections = 16  - Libcurl will limit the number of connections to a host
LogInit:  - LocalHostAddr = Default
LogInit:  - BufferSize = 65536
LogInit: WinSock: version 1.1 (2.2), MaxSocks=32767, MaxUdp=65467
LogInit: Build: ++UE4+Release-4.20-CL-4369336
LogInit: Engine Version: 4.20.3-4369336+++UE4+Release-4.20
LogInit: Compatible Engine Version: 4.20.0-4212847+++UE4+Release-4.20
LogInit: Net CL: 4212847
LogInit: OS: Windows 10 (), CPU:        Intel(R) Core(TM) i5-3350P CPU @ 3.10GHz, GPU: NVIDIA GeForce GTX 650 Ti
LogInit: Compiled (64-bit): Sep 17 2018 12:26:19
LogInit: Compiled with Visual C++: 19.13.26129.00
LogInit: Build Configuration: Development
LogInit: Branch Name: ++UE4+Release-4.20
LogInit: Command Line:  
LogInit: Base Directory: C:/Program Files/Epic Games/UE_4.20/Engine/Binaries/Win64/
LogInit: Installed Engine Build: 1
LogDevObjectVersion: Number of dev versions registered: 20
LogDevObjectVersion:   Dev-Blueprints (B0D832E4-1F89-4F0D-ACCF-7EB736FD4AA2): 10
LogDevObjectVersion:   Dev-Build (E1C64328-A22C-4D53-A36C-8E866417BD8C): 0
LogDevObjectVersion:   Dev-Core (375EC13C-06E4-48FB-B500-84F0262A717E): 2
LogDevObjectVersion:   Dev-Editor (E4B068ED-F494-42E9-A231-DA0B2E46BB41): 24
LogDevObjectVersion:   Dev-Framework (CFFC743F-43B0-4480-9391-14DF171D2073): 34
LogDevObjectVersion:   Dev-Mobile (B02B49B5-BB20-44E9-A304-32B752E40360): 2
LogDevObjectVersion:   Dev-Networking (A4E4105C-59A1-49B5-A7C5-40C4547EDFEE): 0
LogDevObjectVersion:   Dev-Online (39C831C9-5AE6-47DC-9A44-9C173E1C8E7C): 0
LogDevObjectVersion:   Dev-Physics (78F01B33-EBEA-4F98-B9B4-84EACCB95AA2): 0
LogDevObjectVersion:   Dev-Platform (6631380F-2D4D-43E0-8009-CF276956A95A): 0
LogDevObjectVersion:   Dev-Rendering (12F88B9F-8875-4AFC-A67C-D90C383ABD29): 26
LogDevObjectVersion:   Dev-Sequencer (7B5AE74C-D270-4C10-A958-57980B212A5A): 9
LogDevObjectVersion:   Dev-VR (D7296918-1DD6-4BDD-9DE2-64A83CC13884): 2
LogDevObjectVersion:   Dev-LoadTimes (C2A15278-BFE7-4AFE-6C17-90FF531DF755): 1
LogDevObjectVersion:   Private-Geometry (6EACA3D4-40EC-4CC1-B786-8BED09428FC5): 3
LogDevObjectVersion:   Dev-AnimPhys (29E575DD-E0A3-4627-9D10-D276232CDCEA): 17
LogDevObjectVersion:   Dev-ReflectionCapture (6B266CEC-1EC7-4B8F-A30B-E4D90942FC07): 1
LogDevObjectVersion:   Dev-Automation (0DF73D61-A23F-47EA-B727-89E90C41499A): 1
LogDevObjectVersion:   FortniteMain (601D1886-AC64-4F84-AA16-D3DE0DEAC7D6): 12
LogDevObjectVersion:   Dev-Enterprise (9DFFBCD6-494F-0158-E221-12823C92A888): 1
LogStreaming: Display: Took  0.001s to delete old logs.
LogInit: Presizing for max 8388607 objects, including 0 objects not considered by GC, pre-allocating 0 bytes for permanent pool.
LogInit: Object subsystem initialized
[2019.02.07-07.17.31:509][  0]LogInit: Selected Device Profile: [Windows]
[2019.02.07-07.17.31:509][  0]LogInit: Applying CVar settings loaded from the selected device profile: [Windows]
[2019.02.07-07.17.31:612][  0]LogHAL: Display: Platform has ~ 16 GB [17141731328 / 17179869184 / 16], which maps to Larger [LargestMinGB=32, LargerMinGB=12, DefaultMinGB=8, SmallerMinGB=6, SmallestMinGB=0)
[2019.02.07-07.17.31:612][  0]LogInit: Setting Device Profile CVar: [[r.Vulkan.UseRealUBs:1]]
[2019.02.07-07.17.31:612][  0]LogInit: Going up to parent DeviceProfile []
[2019.02.07-07.17.31:613][  0]LogInit: Computer: WIN8-PC
[2019.02.07-07.17.31:613][  0]LogInit: User: Kyle
[2019.02.07-07.17.31:613][  0]LogInit: CPU Page size=4096, Cores=4
[2019.02.07-07.17.31:613][  0]LogInit: High frequency timer resolution =3.020486 MHz
[2019.02.07-07.17.31:614][  0]LogMemory: Memory total: Physical=16.0GB (16GB approx)
[2019.02.07-07.17.31:614][  0]LogMemory: Platform Memory Stats for Windows
[2019.02.07-07.17.31:614][  0]LogMemory: Process Physical Memory: 100.52 MB used, 100.52 MB peak
[2019.02.07-07.17.31:614][  0]LogMemory: Process Virtual Memory: 90.82 MB used, 90.82 MB peak
[2019.02.07-07.17.31:614][  0]LogMemory: Physical Memory: 10664.34 MB used,  5683.29 MB free, 16347.63 MB total
[2019.02.07-07.17.31:614][  0]LogMemory: Virtual Memory: 4617.82 MB used,  5683.29 MB free, 134217728.00 MB total
[2019.02.07-07.17.31:646][  0]LogInit: Using OS detected language (en-US).
[2019.02.07-07.17.31:647][  0]LogInit: Using OS detected locale (en-CA).
[2019.02.07-07.17.31:649][  0]LogTextLocalizationManager: No specific localization for 'en-US' exists, so the 'en' localization will be used.
[2019.02.07-07.17.32:117][  0]LogStreaming: Display: Took  0.471s to InitEngineTextLocalization.
[2019.02.07-07.17.32:117][  0]LogInit: Setting process to per monitor DPI aware
[2019.02.07-07.17.32:162][  0]LogSlate: New Slate User Created.  User Index 0, Is Virtual User: 0
[2019.02.07-07.17.32:162][  0]LogSlate: Slate User Registered.  User Index 0, Is Virtual User: 0
[2019.02.07-07.17.32:486][  0]LogHMD: Failed to initialize OpenVR with code 110
[2019.02.07-07.17.32:486][  0]LogD3D11RHI: D3D11 adapters:
[2019.02.07-07.17.32:546][  0]LogD3D11RHI:    0. 'NVIDIA GeForce GTX 650 Ti' (Feature Level 11_0)
[2019.02.07-07.17.32:546][  0]LogD3D11RHI:       2017/0/8173 MB DedicatedVideo/DedicatedSystem/SharedSystem, Outputs:2, VendorId:0x10de
[2019.02.07-07.17.32:549][  0]LogD3D11RHI:    1. 'Microsoft Basic Render Driver' (Feature Level 11_0)
[2019.02.07-07.17.32:550][  0]LogD3D11RHI:       0/0/8173 MB DedicatedVideo/DedicatedSystem/SharedSystem, Outputs:0, VendorId:0x1414
[2019.02.07-07.17.32:550][  0]LogD3D11RHI: Chosen D3D11 Adapter: 0
[2019.02.07-07.17.32:572][  0]LogD3D11RHI: Creating new Direct3DDevice
[2019.02.07-07.17.32:572][  0]LogD3D11RHI:     GPU DeviceId: 0x11c6 (for the marketing name, search the web for "GPU Device Id")
[2019.02.07-07.17.32:572][  0]LogWindows: EnumDisplayDevices:
[2019.02.07-07.17.32:573][  0]LogWindows:    0. 'NVIDIA GeForce GTX 650 Ti' (P:0 D:1)
[2019.02.07-07.17.32:573][  0]LogWindows:    1. 'NVIDIA GeForce GTX 650 Ti' (P:1 D:1)
[2019.02.07-07.17.32:573][  0]LogWindows:    2. 'NVIDIA GeForce GTX 650 Ti' (P:0 D:0)
[2019.02.07-07.17.32:574][  0]LogWindows:    3. 'NVIDIA GeForce GTX 650 Ti' (P:0 D:0)
[2019.02.07-07.17.32:574][  0]LogWindows: DebugString: FoundDriverCount:4 
[2019.02.07-07.17.32:574][  0]LogD3D11RHI:     Adapter Name: NVIDIA GeForce GTX 650 Ti
[2019.02.07-07.17.32:574][  0]LogD3D11RHI:   Driver Version: 388.13 (internal:23.21.13.8813, unified:388.13)
[2019.02.07-07.17.32:574][  0]LogD3D11RHI:      Driver Date: 10-27-2017
[2019.02.07-07.17.32:574][  0]LogRHI: Texture pool is 1412 MB (70% of 2017 MB)
[2019.02.07-07.17.32:614][  0]LogD3D11RHI: Async texture creation enabled
[2019.02.07-07.17.32:627][  0]LogD3D11RHI: GPU Timing Frequency: 1000.000000 (Debug: 2 1)
[2019.02.07-07.17.32:677][  0]LogShaderCompilers: Guid format shader working directory is -21 characters bigger than the processId version (../../../../../../Users/Kyle/Desktop/Game Development/SpaceBallz/Intermediate/Shaders/WorkingDirectory/121536/).
[2019.02.07-07.17.32:677][  0]LogShaderCompilers: Cleaned the shader compiler working directory 'C:/Users/Kyle/AppData/Local/Temp/UnrealShaderWorkingDir/370C84374D30E63773C5EFB68B9508EA/'.
[2019.02.07-07.17.33:105][  0]LogTemp: Display: Loaded TP AllDesktopTargetPlatform
[2019.02.07-07.17.33:124][  0]LogTemp: Display: Loaded TP MacClientTargetPlatform
[2019.02.07-07.17.33:144][  0]LogTemp: Display: Loaded TP MacNoEditorTargetPlatform
[2019.02.07-07.17.33:162][  0]LogTemp: Display: Loaded TP MacServerTargetPlatform
[2019.02.07-07.17.33:182][  0]LogTemp: Display: Loaded TP MacTargetPlatform
[2019.02.07-07.17.33:203][  0]LogTemp: Display: Loaded TP WindowsClientTargetPlatform
[2019.02.07-07.17.33:222][  0]LogTemp: Display: Loaded TP WindowsNoEditorTargetPlatform
[2019.02.07-07.17.33:242][  0]LogTemp: Display: Loaded TP WindowsServerTargetPlatform
[2019.02.07-07.17.33:251][  0]LogTemp: Display: Loaded TP WindowsTargetPlatform
[2019.02.07-07.17.33:355][  0]LogTemp: Display: Loaded TP AndroidTargetPlatform
[2019.02.07-07.17.33:355][  0]LogTemp: Display: Loaded TP AndroidTargetPlatform
[2019.02.07-07.17.33:355][  0]LogTemp: Display: Loaded TP AndroidTargetPlatform
[2019.02.07-07.17.33:355][  0]LogTemp: Display: Loaded TP AndroidTargetPlatform
[2019.02.07-07.17.33:355][  0]LogTemp: Display: Loaded TP AndroidTargetPlatform
[2019.02.07-07.17.33:355][  0]LogTemp: Display: Loaded TP AndroidTargetPlatform
[2019.02.07-07.17.33:355][  0]LogTemp: Display: Loaded TP AndroidTargetPlatform
[2019.02.07-07.17.33:355][  0]LogTemp: Display: Loaded TP AndroidTargetPlatform
[2019.02.07-07.17.33:355][  0]LogTemp: Display: Loaded TP AndroidTargetPlatform
[2019.02.07-07.17.33:355][  0]LogTemp: Display: Loaded TP AndroidTargetPlatform
[2019.02.07-07.17.33:355][  0]LogTemp: Display: Loaded TP AndroidTargetPlatform
[2019.02.07-07.17.33:355][  0]LogTemp: Display: Loaded TP AndroidTargetPlatform
[2019.02.07-07.17.33:355][  0]LogTemp: Display: Loaded TP AndroidTargetPlatform
[2019.02.07-07.17.33:355][  0]LogTemp: Display: Loaded TP AndroidTargetPlatform
[2019.02.07-07.17.33:355][  0]LogTemp: Display: Loaded TP AndroidTargetPlatform
[2019.02.07-07.17.33:355][  0]LogTemp: Display: Loaded TP AndroidTargetPlatform
[2019.02.07-07.17.33:355][  0]LogTemp: Display: Loaded TP AndroidTargetPlatform
[2019.02.07-07.17.33:355][  0]LogTemp: Display: Loaded TP AndroidTargetPlatform
[2019.02.07-07.17.33:357][  0]LogTemp: Display: Loaded TP HTML5TargetPlatform
[2019.02.07-07.17.33:429][  0]LogTemp: Display: Loaded TP IOSTargetPlatform
[2019.02.07-07.17.33:429][  0]LogTemp: Display: Loaded TP IOSTargetPlatform
[2019.02.07-07.17.33:463][  0]LogTemp: Display: Loaded TP TVOSTargetPlatform
[2019.02.07-07.17.33:463][  0]LogTemp: Display: Loaded TP TVOSTargetPlatform
[2019.02.07-07.17.33:481][  0]LogTemp: Display: Loaded TP LinuxClientTargetPlatform
[2019.02.07-07.17.33:497][  0]LogTemp: Display: Loaded TP LinuxNoEditorTargetPlatform
[2019.02.07-07.17.33:514][  0]LogTemp: Display: Loaded TP LinuxServerTargetPlatform
[2019.02.07-07.17.33:532][  0]LogTemp: Display: Loaded TP LinuxTargetPlatform
[2019.02.07-07.17.33:544][  0]LogTemp: Display: Loaded TP LuminTargetPlatform
[2019.02.07-07.17.33:545][  0]LogTargetPlatformManager: Display: Building Assets For Windows
[2019.02.07-07.17.33:637][  0]LogXGEController: Cannot use XGE Controller as Incredibuild is not installed on this machine.
[2019.02.07-07.17.33:637][  0]LogShaderCompilers: Cannot use XGE Shader Compiler as Incredibuild is not installed on this machine.
[2019.02.07-07.17.33:637][  0]LogShaderCompilers: Display: Using Local Shader Compiler.
[2019.02.07-07.17.34:639][  0]LogDerivedDataCache: Display: Max Cache Size: 512 MB
[2019.02.07-07.17.34:720][  0]LogDerivedDataCache: Loaded boot cache 0.08s 81MB C:/Users/Kyle/AppData/Local/UnrealEngine/4.20/DerivedDataCache/Boot.ddc.
[2019.02.07-07.17.34:720][  0]LogDerivedDataCache: Display: Loaded Boot cache: C:/Users/Kyle/AppData/Local/UnrealEngine/4.20/DerivedDataCache/Boot.ddc
[2019.02.07-07.17.34:720][  0]LogDerivedDataCache: FDerivedDataBackendGraph:  Pak pak cache file ../../../../../../Users/Kyle/Desktop/Game Development/SpaceBallz/DerivedDataCache/DDC.ddp not found, will not use a pak cache.
[2019.02.07-07.17.34:720][  0]LogDerivedDataCache: Unable to find inner node Pak for hierarchical cache Hierarchy.
[2019.02.07-07.17.34:720][  0]LogDerivedDataCache: FDerivedDataBackendGraph:  CompressedPak pak cache file ../../../../../../Users/Kyle/Desktop/Game Development/SpaceBallz/DerivedDataCache/Compressed.ddp not found, will not use a pak cache.
[2019.02.07-07.17.34:720][  0]LogDerivedDataCache: Unable to find inner node CompressedPak for hierarchical cache Hierarchy.
[2019.02.07-07.17.34:736][  0]LogDerivedDataCache: Display: Pak cache opened for reading ../../../Engine/DerivedDataCache/Compressed.ddp.
[2019.02.07-07.17.34:748][  0]LogDerivedDataCache: Using Local data cache path C:/Users/Kyle/AppData/Local/UnrealEngine/Common/DerivedDataCache: Writable
[2019.02.07-07.17.34:748][  0]LogDerivedDataCache: Shared data cache path not found in *engine.ini, will not use an Shared cache.
[2019.02.07-07.17.34:748][  0]LogDerivedDataCache: Unable to find inner node Shared for hierarchical cache Hierarchy.
[2019.02.07-07.17.34:771][  0]LogMaterial: Verifying Global Shaders for PCD3D_SM5
[2019.02.07-07.17.34:773][  0]LogSlate: Using FreeType 2.6.0
[2019.02.07-07.17.34:774][  0]LogSlate: SlateFontServices - WITH_FREETYPE: 1, WITH_HARFBUZZ: 1
[2019.02.07-07.17.34:874][  0]LogAssetRegistry: FAssetRegistry took 0.0274 seconds to start up
[2019.02.07-07.17.35:347][  0]LogInit: Selected Device Profile: [Windows]
[2019.02.07-07.17.35:527][  0]LogSimplygon: Simplygon DLL not present - disabling.
[2019.02.07-07.17.35:533][  0]LogMeshReduction: Using SimplygonSwarm for distributed automatic mesh merging
[2019.02.07-07.17.35:533][  0]LogMeshReduction: Using ProxyLODMeshReduction for automatic mesh merging
[2019.02.07-07.17.35:533][  0]LogMeshReduction: Using QuadricMeshReduction for automatic static mesh reduction
[2019.02.07-07.17.35:533][  0]LogMeshReduction: No automatic skeletal mesh reduction module available
[2019.02.07-07.17.35:559][  0]LogNetVersion: SpaceBallz 1.0.0, NetCL: 4212847, EngineNetVer: 5, GameNetVer: 0 (Checksum: 2741940792)
[2019.02.07-07.17.36:243][  0]LogPackageLocalizationCache: Processed 11 localized package path(s) for 2 prioritized culture(s) in 0.135199 seconds
[2019.02.07-07.17.36:251][  0]LogUObjectArray: 38425 objects as part of root set at end of initial load.
[2019.02.07-07.17.36:251][  0]LogUObjectAllocator: 6690864 out of 0 bytes used by permanent object pool.
[2019.02.07-07.17.36:251][  0]LogUObjectArray: CloseDisregardForGC: 0/0 objects in disregard for GC pool
[2019.02.07-07.17.37:534][  0]LogTcpMessaging: Initializing TcpMessaging bridge
[2019.02.07-07.17.37:548][  0]LogUdpMessaging: Initializing bridge on interface 0.0.0.0:0 to multicast group 230.0.0.1:6666.
[2019.02.07-07.17.37:741][  0]SourceControl: Source control is disabled
[2019.02.07-07.17.37:741][  0]SourceControl: Source control is disabled
[2019.02.07-07.17.37:743][  0]SourceControl: Source control is disabled
[2019.02.07-07.17.37:744][  0]SourceControl: Source control is disabled
[2019.02.07-07.17.37:939][  0]LogAndroidPermission: UAndroidPermissionCallbackProxy::GetInstance
[2019.02.07-07.17.38:046][  0]LogOcInput: OculusInput pre-init called
[2019.02.07-07.17.38:129][  0]LogEngine: Initializing Engine...
[2019.02.07-07.17.38:131][  0]LogHMD: Failed to initialize OpenVR with code 110
[2019.02.07-07.17.38:133][  0]LogStats: UGameplayTagsManager::ConstructGameplayTagTree: ImportINI prefixes -  0.000 s
[2019.02.07-07.17.38:133][  0]LogStats: UGameplayTagsManager::ConstructGameplayTagTree: Construct from data asset -  0.000 s
[2019.02.07-07.17.38:133][  0]LogStats: UGameplayTagsManager::ConstructGameplayTagTree: ImportINI -  0.000 s
[2019.02.07-07.17.38:133][  0]LogStats: UGameplayTagsManager::ConstructGameplayTagTree: GameplayTagTreeChangedEvent.Broadcast -  0.000 s
[2019.02.07-07.17.38:409][  0]LogInit: Initializing FReadOnlyCVARCache
[2019.02.07-07.17.38:431][  0]LogAIModule: Creating AISystem for world Untitled
[2019.02.07-07.17.38:460][  0]LogInit: XAudio2 using 'Headphones (Xbox Controller)' : 1 channels at 24 kHz using 16 bits per sample (channel mask 0x0)
[2019.02.07-07.17.38:496][  0]LogInit: FAudioDevice initialized.
[2019.02.07-07.17.38:496][  0]LogNetVersion: Set ProjectVersion to 1.0.0.0. Version Checksum will be recalculated on next use.
[2019.02.07-07.17.39:469][  0]LogDerivedDataCache: Saved boot cache 0.97s 81MB C:/Users/Kyle/AppData/Local/UnrealEngine/4.20/DerivedDataCache/Boot.ddc.
[2019.02.07-07.17.39:489][  0]LogInit: Texture streaming: Enabled
[2019.02.07-07.17.39:602][  0]LogEngineSessionManager: EngineSessionManager initialized
[2019.02.07-07.17.39:648][  0]LogInit: Transaction tracking system initialized
[2019.02.07-07.17.39:688][  0]BlueprintLog: New page: Editor Load
[2019.02.07-07.17.39:810][  0]LocalizationService: Localization service is disabled
[2019.02.07-07.17.41:186][  0]LogCook: Display: Max memory allowance for cook 16384mb min free memory 0mb
[2019.02.07-07.17.41:186][  0]LogCook: Display: Mobile HDR setting 1
[2019.02.07-07.17.41:186][  0]LogGameplayTags: Display: UGameplayTagsManager::DoneAddingNativeTags. DelegateIsBound: 0
[2019.02.07-07.17.41:186][  0]LogStats: UGameplayTagsManager::ConstructGameplayTagTree: ImportINI prefixes -  0.000 s
[2019.02.07-07.17.41:186][  0]LogStats: UGameplayTagsManager::ConstructGameplayTagTree: Construct from data asset -  0.000 s
[2019.02.07-07.17.41:187][  0]LogStats: UGameplayTagsManager::ConstructGameplayTagTree: ImportINI -  0.000 s
[2019.02.07-07.17.41:187][  0]LogStats: UGameplayTagsManager::ConstructGameplayTagTree: GameplayTagTreeChangedEvent.Broadcast -  0.000 s
[2019.02.07-07.17.41:357][  0]LogFileCache: Scanning file cache for directory 'C:/Users/Kyle/Desktop/Game Development/SpaceBallz/Content/' took 0.02s
[2019.02.07-07.17.41:357][  0]SourceControl: Source control is disabled
[2019.02.07-07.17.41:357][  0]Cmd: MAP LOAD FILE="../../../../../../Users/Kyle/Desktop/Game Development/SpaceBallz/Content/Maps/Main.umap" TEMPLATE=0 SHOWPROGRESS=1 FEATURELEVEL=3
[2019.02.07-07.17.41:357][  0]LightingResults: New page: Lighting Build
[2019.02.07-07.17.41:362][  0]MapCheck: New page: Map Check
[2019.02.07-07.17.41:362][  0]LightingResults: New page: Lighting Build
[2019.02.07-07.17.42:014][  0]LogAIModule: Creating AISystem for world Main
[2019.02.07-07.17.42:022][  0]LogEditorServer: Finished looking for orphan Actors (0.000 secs)
[2019.02.07-07.17.42:050][  0]Cmd: MAP CHECKDEP NOCLEARLOG
[2019.02.07-07.17.42:170][  0]MapCheck: Map check complete: 0 Error(s), 0 Warning(s), took 119.47ms to complete.
[2019.02.07-07.17.42:170][  0]LogFileHelpers: Loading map 'Main' took 0.812
[2019.02.07-07.17.43:480][  0]LogSlate: Only BGRA pngs, bmps or icos are supported in by External Image Picker
[2019.02.07-07.17.43:608][  0]LogTemp: Executing iPhonePackager certificates Engine -bundlename com.YourCompany.SpaceBallz
[2019.02.07-07.17.43:608][  0]LogTemp: CWD: C:\Program Files\Epic Games\UE_4.20\Engine\Binaries\DotNET\IOS
[2019.02.07-07.17.43:608][  0]LogTemp: Initial Dir: C:\Program Files\Epic Games\UE_4.20
[2019.02.07-07.17.43:608][  0]LogTemp: Env CWD: C:\Program Files\Epic Games\UE_4.20\Engine\Binaries\DotNET\IOS
[2019.02.07-07.17.43:608][  0]LogTemp: BranchPath = WIN8-PC/C/Program Files/Epic Games/UE_4.20/Engine/Binaries --- GameBranchPath = WIN8-PC/C/Program Files/Epic Games/UE_4.20/Engine/Binaries
[2019.02.07-07.17.43:608][  0]LogTemp: IPP ERROR: Could not find provision directory 'C:\Users\Kyle\AppData\Local/Apple Computer/MobileDevice/Provisioning Profiles/'.
[2019.02.07-07.17.43:608][  0]LogSlate: Updating window title bar state: overlay mode, drag disabled, window buttons hidden, title bar hidden
[2019.02.07-07.17.43:619][  0]LogSlate: Updating window title bar state: overlay mode, drag disabled, window buttons hidden, title bar hidden
[2019.02.07-07.17.43:629][  0]LogSlate: Updating window title bar state: overlay mode, drag disabled, window buttons hidden, title bar hidden
[2019.02.07-07.17.43:639][  0]LogSlate: Updating window title bar state: overlay mode, drag disabled, window buttons hidden, title bar hidden
[2019.02.07-07.17.43:650][  0]LogCollectionManager: Loaded 0 collections in 0.003084 seconds
[2019.02.07-07.17.43:699][  0]LogFileCache: Scanning file cache for directory 'C:/Users/Kyle/Desktop/Game Development/SpaceBallz/Saved/Collections/' took 0.01s
[2019.02.07-07.17.43:699][  0]LogFileCache: Scanning file cache for directory 'C:/Users/Kyle/Desktop/Game Development/SpaceBallz/Content/Developers/Kyle/Collections/' took 0.01s
[2019.02.07-07.17.43:699][  0]LogFileCache: Scanning file cache for directory 'C:/Users/Kyle/Desktop/Game Development/SpaceBallz/Content/Collections/' took 0.01s
[2019.02.07-07.17.43:699][  0]LogCollectionManager: Rebuilt the GUID cache for 0 collections in 0.000000 seconds
[2019.02.07-07.17.43:719][  0]LogContentBrowser: Native class hierarchy populated in 0.0193 seconds. Added 2572 classes and 603 folders.
[2019.02.07-07.17.43:729][  0]LogContentBrowser: Native class hierarchy updated for 'WidgetCarousel' in 0.0003 seconds. Added 0 classes and 0 folders.
[2019.02.07-07.17.43:832][  0]LogContentBrowser: Native class hierarchy updated for 'AddContentDialog' in 0.0003 seconds. Added 0 classes and 0 folders.
[2019.02.07-07.17.43:839][  0]LogContentBrowser: Native class hierarchy updated for 'SceneOutliner' in 0.0004 seconds. Added 1 classes and 2 folders.
[2019.02.07-07.17.43:861][  0]LogSlate: Took 0.000389 seconds to synchronously load lazily loaded font '../../../Engine/Content/Slate/Fonts/Roboto-Regular.ttf' (155K)
[2019.02.07-07.17.43:864][  0]LogSlate: Took 0.000358 seconds to synchronously load lazily loaded font '../../../Engine/Content/Slate/Fonts/Roboto-Bold.ttf' (160K)
[2019.02.07-07.17.43:876][  0]LogSlate: Took 0.000850 seconds to synchronously load lazily loaded font '../../../Engine/Content/Editor/Slate/Fonts/FontAwesome.ttf' (139K)
[2019.02.07-07.17.44:014][  0]LogRenderer: Reallocating scene render targets to support 1208x600 Format 10 NumSamples 1 (Frame:1).
[2019.02.07-07.17.44:217][  0]LogContentBrowser: Native class hierarchy updated for 'HierarchicalLODOutliner' in 0.0004 seconds. Added 0 classes and 0 folders.
[2019.02.07-07.17.44:217][  0]LogLoad: (Engine Initialization) Total time: 16.34 seconds
[2019.02.07-07.17.44:217][  0]LogLoad: (Engine Initialization) Total Blueprint compile time: 0.00 seconds
[2019.02.07-07.17.44:227][  0]LogWindowsTextInputMethodSystem: Display: IME system now deactivated.
[2019.02.07-07.17.44:256][  0]LogContentStreaming: Texture pool size now 1000 MB
[2019.02.07-07.17.44:295][  0]LogSlate: Took 0.000395 seconds to synchronously load lazily loaded font '../../../Engine/Content/Slate/Fonts/Roboto-Light.ttf' (167K)
[2019.02.07-07.17.44:332][  1]LogAssetRegistry: Asset discovery search completed in 9.4802 seconds
[2019.02.07-07.17.44:335][  1]LogCollectionManager: Rebuilt the object cache for 0 collections in 0.000001 seconds (found 0 objects)
[2019.02.07-07.17.44:335][  1]LogCollectionManager: Fixed up redirectors for 0 collections in 0.000095 seconds (updated 0 objects)
[2019.02.07-07.17.45:258][ 77]LogSlate: Took 0.000370 seconds to synchronously load lazily loaded font '../../../Engine/Content/Slate/Fonts/Roboto-Light.ttf' (167K)
[2019.02.07-07.17.46:354][183]LogSlate: FSceneViewport::OnFocusLost() reason 0
[2019.02.07-07.17.46:447][194]LogTemp: Repeating last play command: New Editor Window (PIE)
[2019.02.07-07.17.46:462][194]LogPlayLevel: PlayLevel: No blueprints needed recompiling
[2019.02.07-07.17.46:475][194]PIE: New page: PIE session: Main (Feb 6, 2019, 9:17:46 PM)
[2019.02.07-07.17.46:475][194]LogPlayLevel: Creating play world package: /Game/Maps/UEDPIE_0_Main
[2019.02.07-07.17.46:478][194]LogPlayLevel: PIE: StaticDuplicateObject took: (0.002069s)
[2019.02.07-07.17.46:478][194]LogAIModule: Creating AISystem for world Main
[2019.02.07-07.17.46:479][194]LogPlayLevel: PIE: World Init took: (0.000974s)
[2019.02.07-07.17.46:479][194]LogPlayLevel: PIE: Created PIE world by copying editor world from /Game/Maps/Main.Main to /Game/Maps/UEDPIE_0_Main.Main (0.003308s)
[2019.02.07-07.17.46:523][194]LogInit: XAudio2 using 'Headphones (Xbox Controller)' : 1 channels at 24 kHz using 16 bits per sample (channel mask 0x0)
[2019.02.07-07.17.46:538][194]LogInit: FAudioDevice initialized.
[2019.02.07-07.17.46:549][194]LogSlate: Updating window title bar state: overlay mode, drag disabled, window buttons hidden, title bar hidden
[2019.02.07-07.17.46:606][194]LogLoad: Game class is 'BP_GameMode_C'
[2019.02.07-07.17.46:608][194]LogWorld: Bringing World /Game/Maps/UEDPIE_0_Main.Main up for play (max tick rate 0) at 2019.02.07-02.17.46
[2019.02.07-07.17.46:609][194]LogWorld: Bringing up level for play took: 0.001282
[2019.02.07-07.17.46:631][194]LogContentBrowser: Native class hierarchy updated for 'MovieSceneCapture' in 0.0004 seconds. Added 10 classes and 0 folders.
[2019.02.07-07.17.46:638][194]PIE: Play in editor start time for /Game/Maps/UEDPIE_0_Main -0.603
[2019.02.07-07.17.46:678][194]LogRenderer: Reallocating scene render targets to support 1292x756 Format 10 NumSamples 1 (Frame:1).
[2019.02.07-07.17.55:017][897]LogScript: Warning: Accessed None trying to read property BP_GameMode
	BP_Player_C /Game/Maps/UEDPIE_0_Main.Main:PersistentLevel.BP_Player_C_0
	Function /Game/Blueprints/BP_Player.BP_Player_C:ExecuteUbergraph_BP_Player:0AC9
[2019.02.07-07.17.55:017][897]PIE: Error: Blueprint Runtime Error: "Accessed None trying to read property BP_GameMode". Blueprint:  BP_Player Function:  Execute Ubergraph BP Player Graph:  EventGraph Node:  Play Cam Shake
[2019.02.07-07.17.55:017][897]LogScript: Warning: Accessed None trying to read property BP_GameMode
	BP_Player_C /Game/Maps/UEDPIE_0_Main.Main:PersistentLevel.BP_Player_C_0
	Function /Game/Blueprints/BP_Player.BP_Player_C:ExecuteUbergraph_BP_Player:0015
[2019.02.07-07.17.55:017][897]PIE: Error: Blueprint Runtime Error: "Accessed None trying to read property BP_GameMode". Blueprint:  BP_Player Function:  Execute Ubergraph BP Player Graph:  EventGraph Node:  Game Over
[2019.02.07-07.17.58:364][191]LogSlate: Updating window title bar state: overlay mode, drag disabled, window buttons hidden, title bar hidden
[2019.02.07-07.17.58:378][191]LogSlate: Window 'SpaceBallz Game Preview Standalone (64-bit/PCD3D_SM5)' being destroyed
[2019.02.07-07.17.58:410][191]LogPlayLevel: Display: Shutting down PIE online subsystems
[2019.02.07-07.17.58:475][192]LogPlayLevel: Display: Destroying online subsystem :Context_3
[2019.02.07-07.18.02:513][617]LogAssetEditorManager: Opening Asset editor for Blueprint /Game/Blueprints/BP_Player.BP_Player
[2019.02.07-07.18.03:156][617]LogContentBrowser: Native class hierarchy updated for 'BlueprintGraph' in 0.0008 seconds. Added 116 classes and 0 folders.
[2019.02.07-07.18.04:378][617]LogAssetEditorManager: Opening Asset editor for WidgetBlueprint /Game/Blueprints/BPW_GameOver.BPW_GameOver
[2019.02.07-07.18.04:870][617]LogAssetEditorManager: Opening Asset editor for Blueprint /Game/Blueprints/BP_GameMode.BP_GameMode
[2019.02.07-07.18.05:346][617]LogSlate: Took 0.000367 seconds to synchronously load lazily loaded font '../../../Engine/Content/Slate/Fonts/Roboto-BoldCondensed.ttf' (158K)
[2019.02.07-07.18.05:431][618]LogSlate: Took 0.000467 seconds to synchronously load lazily loaded font '../../../Engine/Content/Slate/Fonts/Roboto-Italic.ttf' (157K)
[2019.02.07-07.20.54:725][494]BlueprintLog: New page: Compile BPW_GameOver
[2019.02.07-07.20.56:205][598]LogTemp: Repeating last play command: New Editor Window (PIE)
[2019.02.07-07.20.56:231][598]LogPlayLevel: PlayLevel: No blueprints needed recompiling
[2019.02.07-07.20.56:231][598]PIE: New page: PIE session: Main (Feb 6, 2019, 9:20:56 PM)
[2019.02.07-07.20.56:231][598]LogPlayLevel: Creating play world package: /Game/Maps/UEDPIE_0_Main
[2019.02.07-07.20.56:233][598]LogPlayLevel: PIE: StaticDuplicateObject took: (0.001951s)
[2019.02.07-07.20.56:234][598]LogAIModule: Creating AISystem for world Main
[2019.02.07-07.20.56:234][598]LogPlayLevel: PIE: World Init took: (0.000946s)
[2019.02.07-07.20.56:234][598]LogPlayLevel: PIE: Created PIE world by copying editor world from /Game/Maps/Main.Main to /Game/Maps/UEDPIE_0_Main.Main (0.003049s)
[2019.02.07-07.20.56:292][598]LogInit: XAudio2 using 'Headphones (Xbox Controller)' : 1 channels at 24 kHz using 16 bits per sample (channel mask 0x0)
[2019.02.07-07.20.56:308][598]LogInit: FAudioDevice initialized.
[2019.02.07-07.20.56:319][598]LogSlate: Updating window title bar state: overlay mode, drag disabled, window buttons hidden, title bar hidden
[2019.02.07-07.20.56:364][598]LogLoad: Game class is 'BP_GameMode_C'
[2019.02.07-07.20.56:366][598]LogWorld: Bringing World /Game/Maps/UEDPIE_0_Main.Main up for play (max tick rate 0) at 2019.02.07-02.20.56
[2019.02.07-07.20.56:366][598]LogWorld: Bringing up level for play took: 0.001253
[2019.02.07-07.20.56:382][598]PIE: Play in editor start time for /Game/Maps/UEDPIE_0_Main 1.141
[2019.02.07-07.21.01:110][919]LogScript: Warning: Accessed None trying to read property BP_GameMode
	BP_Player_C /Game/Maps/UEDPIE_0_Main.Main:PersistentLevel.BP_Player_C_0
	Function /Game/Blueprints/BP_Player.BP_Player_C:ExecuteUbergraph_BP_Player:0AC9
[2019.02.07-07.21.01:111][919]PIE: Error: Blueprint Runtime Error: "Accessed None trying to read property BP_GameMode". Blueprint:  BP_Player Function:  Execute Ubergraph BP Player Graph:  EventGraph Node:  Play Cam Shake
[2019.02.07-07.21.01:111][919]LogScript: Warning: Accessed None trying to read property BP_GameMode
	BP_Player_C /Game/Maps/UEDPIE_0_Main.Main:PersistentLevel.BP_Player_C_0
	Function /Game/Blueprints/BP_Player.BP_Player_C:ExecuteUbergraph_BP_Player:0015
[2019.02.07-07.21.01:111][919]PIE: Error: Blueprint Runtime Error: "Accessed None trying to read property BP_GameMode". Blueprint:  BP_Player Function:  Execute Ubergraph BP Player Graph:  EventGraph Node:  Game Over
[2019.02.07-07.21.06:222][274]LogSlate: Updating window title bar state: overlay mode, drag disabled, window buttons hidden, title bar hidden
[2019.02.07-07.21.06:241][274]LogSlate: Window 'SpaceBallz Game Preview Standalone (64-bit/PCD3D_SM5)' being destroyed
[2019.02.07-07.21.06:275][274]LogPlayLevel: Display: Shutting down PIE online subsystems
[2019.02.07-07.21.06:345][275]LogPlayLevel: Display: Destroying online subsystem :Context_8
[2019.02.07-07.22.55:699][828]BlueprintLog: New page: Compile BP_GameMode
[2019.02.07-07.22.56:338][861]Cmd: OBJ SAVEPACKAGE PACKAGE="/Game/Blueprints/BP_GameMode" FILE="../../../../../../Users/Kyle/Desktop/Game Development/SpaceBallz/Content/Blueprints/BP_GameMode.uasset" SILENT=true
[2019.02.07-07.22.56:407][861]LogSavePackage: Moving '../../../../../../Users/Kyle/Desktop/Game Development/SpaceBallz/Saved/BP_GameMode387B25CE42A36CE4F44BACB865638E72.tmp' to '../../../../../../Users/Kyle/Desktop/Game Development/SpaceBallz/Content/Blueprints/BP_GameMode.uasset'
[2019.02.07-07.22.57:586][993]LogTemp: Repeating last play command: New Editor Window (PIE)
[2019.02.07-07.22.57:611][993]LogPlayLevel: PlayLevel: No blueprints needed recompiling
[2019.02.07-07.22.57:611][993]PIE: New page: PIE session: Main (Feb 6, 2019, 9:22:57 PM)
[2019.02.07-07.22.57:611][993]LogPlayLevel: Creating play world package: /Game/Maps/UEDPIE_0_Main
[2019.02.07-07.22.57:613][993]LogPlayLevel: PIE: StaticDuplicateObject took: (0.001899s)
[2019.02.07-07.22.57:614][993]LogAIModule: Creating AISystem for world Main
[2019.02.07-07.22.57:614][993]LogPlayLevel: PIE: World Init took: (0.000959s)
[2019.02.07-07.22.57:614][993]LogPlayLevel: PIE: Created PIE world by copying editor world from /Game/Maps/Main.Main to /Game/Maps/UEDPIE_0_Main.Main (0.003143s)
[2019.02.07-07.22.57:672][993]LogInit: XAudio2 using 'Headphones (Xbox Controller)' : 1 channels at 24 kHz using 16 bits per sample (channel mask 0x0)
[2019.02.07-07.22.57:690][993]LogInit: FAudioDevice initialized.
[2019.02.07-07.22.57:702][993]LogSlate: Updating window title bar state: overlay mode, drag disabled, window buttons hidden, title bar hidden
[2019.02.07-07.22.57:748][993]LogLoad: Game class is 'BP_GameMode_C'
[2019.02.07-07.22.57:750][993]LogWorld: Bringing World /Game/Maps/UEDPIE_0_Main.Main up for play (max tick rate 0) at 2019.02.07-02.22.57
[2019.02.07-07.22.57:750][993]LogWorld: Bringing up level for play took: 0.001441
[2019.02.07-07.22.57:767][993]PIE: Play in editor start time for /Game/Maps/UEDPIE_0_Main 0.525
[2019.02.07-07.23.04:078][538]LogScript: Warning: Accessed None trying to read property BP_GameMode
	BP_Player_C /Game/Maps/UEDPIE_0_Main.Main:PersistentLevel.BP_Player_C_0
	Function /Game/Blueprints/BP_Player.BP_Player_C:ExecuteUbergraph_BP_Player:0AC9
[2019.02.07-07.23.04:079][538]PIE: Error: Blueprint Runtime Error: "Accessed None trying to read property BP_GameMode". Blueprint:  BP_Player Function:  Execute Ubergraph BP Player Graph:  EventGraph Node:  Play Cam Shake
[2019.02.07-07.23.04:079][538]LogScript: Warning: Accessed None trying to read property BP_GameMode
	BP_Player_C /Game/Maps/UEDPIE_0_Main.Main:PersistentLevel.BP_Player_C_0
	Function /Game/Blueprints/BP_Player.BP_Player_C:ExecuteUbergraph_BP_Player:0015
[2019.02.07-07.23.04:079][538]PIE: Error: Blueprint Runtime Error: "Accessed None trying to read property BP_GameMode". Blueprint:  BP_Player Function:  Execute Ubergraph BP Player Graph:  EventGraph Node:  Game Over
[2019.02.07-07.23.08:859][951]LogSlate: Updating window title bar state: overlay mode, drag disabled, window buttons hidden, title bar hidden
[2019.02.07-07.23.08:877][951]LogSlate: Window 'SpaceBallz Game Preview Standalone (64-bit/PCD3D_SM5)' being destroyed
[2019.02.07-07.23.08:916][951]LogPlayLevel: Display: Shutting down PIE online subsystems
[2019.02.07-07.23.08:995][952]LogPlayLevel: Display: Destroying online subsystem :Context_9
[2019.02.07-07.23.37:439][272]BlueprintLog: New page: Compile BP_Player
[2019.02.07-07.23.38:598][328]Cmd: OBJ SAVEPACKAGE PACKAGE="/Game/Blueprints/BP_Player" FILE="../../../../../../Users/Kyle/Desktop/Game Development/SpaceBallz/Content/Blueprints/BP_Player.uasset" SILENT=true
[2019.02.07-07.23.38:757][328]LogSavePackage: Moving '../../../../../../Users/Kyle/Desktop/Game Development/SpaceBallz/Saved/BP_Player4DB26DF943533F4F0FF05DBA7ECD5EDC.tmp' to '../../../../../../Users/Kyle/Desktop/Game Development/SpaceBallz/Content/Blueprints/BP_Player.uasset'
[2019.02.07-07.23.41:081][596]LogTemp: Repeating last play command: New Editor Window (PIE)
[2019.02.07-07.23.41:106][596]LogPlayLevel: PlayLevel: No blueprints needed recompiling
[2019.02.07-07.23.41:106][596]PIE: New page: PIE session: Main (Feb 6, 2019, 9:23:41 PM)
[2019.02.07-07.23.41:106][596]LogPlayLevel: Creating play world package: /Game/Maps/UEDPIE_0_Main
[2019.02.07-07.23.41:108][596]LogPlayLevel: PIE: StaticDuplicateObject took: (0.001883s)
[2019.02.07-07.23.41:109][596]LogAIModule: Creating AISystem for world Main
[2019.02.07-07.23.41:109][596]LogPlayLevel: PIE: World Init took: (0.000900s)
[2019.02.07-07.23.41:109][596]LogPlayLevel: PIE: Created PIE world by copying editor world from /Game/Maps/Main.Main to /Game/Maps/UEDPIE_0_Main.Main (0.002953s)
[2019.02.07-07.23.41:167][596]LogInit: XAudio2 using 'Headphones (Xbox Controller)' : 1 channels at 24 kHz using 16 bits per sample (channel mask 0x0)
[2019.02.07-07.23.41:181][596]LogInit: FAudioDevice initialized.
[2019.02.07-07.23.41:193][596]LogSlate: Updating window title bar state: overlay mode, drag disabled, window buttons hidden, title bar hidden
[2019.02.07-07.23.41:243][596]LogLoad: Game class is 'BP_GameMode_C'
[2019.02.07-07.23.41:244][596]LogWorld: Bringing World /Game/Maps/UEDPIE_0_Main.Main up for play (max tick rate 0) at 2019.02.07-02.23.41
[2019.02.07-07.23.41:245][596]LogWorld: Bringing up level for play took: 0.001174
[2019.02.07-07.23.41:267][596]PIE: Play in editor start time for /Game/Maps/UEDPIE_0_Main 0.025
[2019.02.07-07.23.46:712][ 74]LogScript: Warning: Accessed None trying to read property BP_GameMode
	BP_Player_C /Game/Maps/UEDPIE_0_Main.Main:PersistentLevel.BP_Player_C_0
	Function /Game/Blueprints/BP_Player.BP_Player_C:ExecuteUbergraph_BP_Player:0AC9
[2019.02.07-07.23.46:712][ 74]PIE: Error: Blueprint Runtime Error: "Accessed None trying to read property BP_GameMode". Blueprint:  BP_Player Function:  Execute Ubergraph BP Player Graph:  EventGraph Node:  Play Cam Shake
[2019.02.07-07.23.46:712][ 74]LogScript: Warning: Accessed None trying to read property BP_GameMode
	BP_Player_C /Game/Maps/UEDPIE_0_Main.Main:PersistentLevel.BP_Player_C_0
	Function /Game/Blueprints/BP_Player.BP_Player_C:ExecuteUbergraph_BP_Player:0015
[2019.02.07-07.23.46:712][ 74]PIE: Error: Blueprint Runtime Error: "Accessed None trying to read property BP_GameMode". Blueprint:  BP_Player Function:  Execute Ubergraph BP Player Graph:  EventGraph Node:  Game Over
[2019.02.07-07.23.49:369][306]LogSlate: Updating window title bar state: overlay mode, drag disabled, window buttons hidden, title bar hidden
[2019.02.07-07.23.49:386][306]LogSlate: Window 'SpaceBallz Game Preview Standalone (64-bit/PCD3D_SM5)' being destroyed
[2019.02.07-07.23.49:423][306]LogPlayLevel: Display: Shutting down PIE online subsystems
[2019.02.07-07.23.49:485][307]LogPlayLevel: Display: Destroying online subsystem :Context_10
[2019.02.07-07.24.21:640][108]BlueprintLog: New page: Compile BP_GameMode
[2019.02.07-07.24.22:372][155]Cmd: OBJ SAVEPACKAGE PACKAGE="/Game/Blueprints/BP_GameMode" FILE="../../../../../../Users/Kyle/Desktop/Game Development/SpaceBallz/Content/Blueprints/BP_GameMode.uasset" SILENT=true
[2019.02.07-07.24.22:439][155]LogSavePackage: Moving '../../../../../../Users/Kyle/Desktop/Game Development/SpaceBallz/Saved/BP_GameMode7ACCBDF1408B82807CA3EF932730C0FB.tmp' to '../../../../../../Users/Kyle/Desktop/Game Development/SpaceBallz/Content/Blueprints/BP_GameMode.uasset'
[2019.02.07-07.24.26:252][589]BlueprintLog: New page: Compile BP_GameMode
[2019.02.07-07.24.26:981][637]Cmd: OBJ SAVEPACKAGE PACKAGE="/Game/Blueprints/BP_GameMode" FILE="../../../../../../Users/Kyle/Desktop/Game Development/SpaceBallz/Content/Blueprints/BP_GameMode.uasset" SILENT=true
[2019.02.07-07.24.27:048][637]LogSavePackage: Moving '../../../../../../Users/Kyle/Desktop/Game Development/SpaceBallz/Saved/BP_GameMode99015EA34ED69632A7371F8BD59603A8.tmp' to '../../../../../../Users/Kyle/Desktop/Game Development/SpaceBallz/Content/Blueprints/BP_GameMode.uasset'
[2019.02.07-07.24.34:335][485]LogTemp: Repeating last play command: New Editor Window (PIE)
[2019.02.07-07.24.34:360][485]LogPlayLevel: PlayLevel: No blueprints needed recompiling
[2019.02.07-07.24.34:360][485]PIE: New page: PIE session: Main (Feb 6, 2019, 9:24:34 PM)
[2019.02.07-07.24.34:361][485]LogPlayLevel: Creating play world package: /Game/Maps/UEDPIE_0_Main
[2019.02.07-07.24.34:363][485]LogPlayLevel: PIE: StaticDuplicateObject took: (0.001962s)
[2019.02.07-07.24.34:363][485]LogAIModule: Creating AISystem for world Main
[2019.02.07-07.24.34:364][485]LogPlayLevel: PIE: World Init took: (0.000955s)
[2019.02.07-07.24.34:364][485]LogPlayLevel: PIE: Created PIE world by copying editor world from /Game/Maps/Main.Main to /Game/Maps/UEDPIE_0_Main.Main (0.003095s)
[2019.02.07-07.24.34:420][485]LogInit: XAudio2 using 'Headphones (Xbox Controller)' : 1 channels at 24 kHz using 16 bits per sample (channel mask 0x0)
[2019.02.07-07.24.34:435][485]LogInit: FAudioDevice initialized.
[2019.02.07-07.24.34:447][485]LogSlate: Updating window title bar state: overlay mode, drag disabled, window buttons hidden, title bar hidden
[2019.02.07-07.24.34:490][485]LogLoad: Game class is 'BP_GameMode_C'
[2019.02.07-07.24.34:491][485]LogWorld: Bringing World /Game/Maps/UEDPIE_0_Main.Main up for play (max tick rate 0) at 2019.02.07-02.24.34
[2019.02.07-07.24.34:492][485]LogWorld: Bringing up level for play took: 0.001106
[2019.02.07-07.24.34:508][485]PIE: Play in editor start time for /Game/Maps/UEDPIE_0_Main -0.733
[2019.02.07-07.24.43:068][230]LogScript: Warning: Accessed None trying to read property BP_GameMode
	BP_Player_C /Game/Maps/UEDPIE_0_Main.Main:PersistentLevel.BP_Player_C_0
	Function /Game/Blueprints/BP_Player.BP_Player_C:ExecuteUbergraph_BP_Player:0AC9
[2019.02.07-07.24.43:068][230]PIE: Error: Blueprint Runtime Error: "Accessed None trying to read property BP_GameMode". Blueprint:  BP_Player Function:  Execute Ubergraph BP Player Graph:  EventGraph Node:  Play Cam Shake
[2019.02.07-07.24.43:069][230]LogScript: Warning: Accessed None trying to read property BP_GameMode
	BP_Player_C /Game/Maps/UEDPIE_0_Main.Main:PersistentLevel.BP_Player_C_0
	Function /Game/Blueprints/BP_Player.BP_Player_C:ExecuteUbergraph_BP_Player:0015
[2019.02.07-07.24.43:069][230]PIE: Error: Blueprint Runtime Error: "Accessed None trying to read property BP_GameMode". Blueprint:  BP_Player Function:  Execute Ubergraph BP Player Graph:  EventGraph Node:  Game Over
[2019.02.07-07.24.47:766][635]LogSlate: Updating window title bar state: overlay mode, drag disabled, window buttons hidden, title bar hidden
[2019.02.07-07.24.47:784][635]LogSlate: Window 'SpaceBallz Game Preview Standalone (64-bit/PCD3D_SM5)' being destroyed
[2019.02.07-07.24.47:818][635]LogPlayLevel: Display: Shutting down PIE online subsystems
[2019.02.07-07.24.47:879][636]LogPlayLevel: Display: Destroying online subsystem :Context_11
[2019.02.07-07.29.53:198][863]BlueprintLog: New page: Compile BP_Player
[2019.02.07-07.29.53:992][865]Cmd: OBJ SAVEPACKAGE PACKAGE="/Game/Blueprints/BP_Player" FILE="../../../../../../Users/Kyle/Desktop/Game Development/SpaceBallz/Content/Blueprints/BP_Player.uasset" SILENT=true
[2019.02.07-07.29.54:160][865]LogSavePackage: Moving '../../../../../../Users/Kyle/Desktop/Game Development/SpaceBallz/Saved/BP_Player2EAC8D4D4EBF3EF21974969CA035D66F.tmp' to '../../../../../../Users/Kyle/Desktop/Game Development/SpaceBallz/Content/Blueprints/BP_Player.uasset'
[2019.02.07-07.29.58:959][952]LogTemp: Repeating last play command: New Editor Window (PIE)
[2019.02.07-07.29.58:983][952]LogPlayLevel: PlayLevel: No blueprints needed recompiling
[2019.02.07-07.29.58:983][952]PIE: New page: PIE session: Main (Feb 6, 2019, 9:29:58 PM)
[2019.02.07-07.29.58:983][952]LogPlayLevel: Creating play world package: /Game/Maps/UEDPIE_0_Main
[2019.02.07-07.29.58:985][952]LogPlayLevel: PIE: StaticDuplicateObject took: (0.002105s)
[2019.02.07-07.29.58:986][952]LogAIModule: Creating AISystem for world Main
[2019.02.07-07.29.58:986][952]LogPlayLevel: PIE: World Init took: (0.000945s)
[2019.02.07-07.29.58:987][952]LogPlayLevel: PIE: Created PIE world by copying editor world from /Game/Maps/Main.Main to /Game/Maps/UEDPIE_0_Main.Main (0.003345s)
[2019.02.07-07.29.59:045][952]LogInit: XAudio2 using 'Headphones (Xbox Controller)' : 1 channels at 24 kHz using 16 bits per sample (channel mask 0x0)
[2019.02.07-07.29.59:062][952]LogInit: FAudioDevice initialized.
[2019.02.07-07.29.59:073][952]LogSlate: Updating window title bar state: overlay mode, drag disabled, window buttons hidden, title bar hidden
[2019.02.07-07.29.59:122][952]LogLoad: Game class is 'BP_GameMode_C'
[2019.02.07-07.29.59:124][952]LogWorld: Bringing World /Game/Maps/UEDPIE_0_Main.Main up for play (max tick rate 0) at 2019.02.07-02.29.59
[2019.02.07-07.29.59:124][952]LogWorld: Bringing up level for play took: 0.001444
[2019.02.07-07.29.59:147][952]PIE: Play in editor start time for /Game/Maps/UEDPIE_0_Main -0.095
[2019.02.07-07.30.04:235][397]LogScript: Warning: Accessed None trying to read property BP_GameMode
	BP_Player_C /Game/Maps/UEDPIE_0_Main.Main:PersistentLevel.BP_Player_C_0
	Function /Game/Blueprints/BP_Player.BP_Player_C:ExecuteUbergraph_BP_Player:0AC9
[2019.02.07-07.30.04:236][397]PIE: Error: Blueprint Runtime Error: "Accessed None trying to read property BP_GameMode". Blueprint:  BP_Player Function:  Execute Ubergraph BP Player Graph:  EventGraph Node:  Play Cam Shake
[2019.02.07-07.30.04:236][397]LogScript: Warning: Accessed None trying to read property BP_GameMode
	BP_Player_C /Game/Maps/UEDPIE_0_Main.Main:PersistentLevel.BP_Player_C_0
	Function /Game/Blueprints/BP_Player.BP_Player_C:ExecuteUbergraph_BP_Player:0015
[2019.02.07-07.30.04:236][397]PIE: Error: Blueprint Runtime Error: "Accessed None trying to read property BP_GameMode". Blueprint:  BP_Player Function:  Execute Ubergraph BP Player Graph:  EventGraph Node:  Game Over
[2019.02.07-07.30.07:911][717]LogSlate: Updating window title bar state: overlay mode, drag disabled, window buttons hidden, title bar hidden
[2019.02.07-07.30.07:929][717]LogSlate: Window 'SpaceBallz Game Preview Standalone (64-bit/PCD3D_SM5)' being destroyed
[2019.02.07-07.30.07:966][717]LogPlayLevel: Display: Shutting down PIE online subsystems
[2019.02.07-07.30.08:026][718]LogPlayLevel: Display: Destroying online subsystem :Context_12
[2019.02.07-07.32.39:662][365]BlueprintLog: New page: Compile BP_Player
[2019.02.07-07.32.40:371][366]Cmd: OBJ SAVEPACKAGE PACKAGE="/Game/Blueprints/BP_Player" FILE="../../../../../../Users/Kyle/Desktop/Game Development/SpaceBallz/Content/Blueprints/BP_Player.uasset" SILENT=true
[2019.02.07-07.32.40:527][366]LogSavePackage: Moving '../../../../../../Users/Kyle/Desktop/Game Development/SpaceBallz/Saved/BP_Player0014D67A4A4F79B036187AB04048AF02.tmp' to '../../../../../../Users/Kyle/Desktop/Game Development/SpaceBallz/Content/Blueprints/BP_Player.uasset'
[2019.02.07-07.32.47:960][221]LogTemp: Repeating last play command: New Editor Window (PIE)
[2019.02.07-07.32.47:985][221]LogPlayLevel: PlayLevel: No blueprints needed recompiling
[2019.02.07-07.32.47:985][221]PIE: New page: PIE session: Main (Feb 6, 2019, 9:32:47 PM)
[2019.02.07-07.32.47:985][221]LogPlayLevel: Creating play world package: /Game/Maps/UEDPIE_0_Main
[2019.02.07-07.32.47:988][221]LogPlayLevel: PIE: StaticDuplicateObject took: (0.002225s)
[2019.02.07-07.32.47:988][221]LogAIModule: Creating AISystem for world Main
[2019.02.07-07.32.47:989][221]LogPlayLevel: PIE: World Init took: (0.000994s)
[2019.02.07-07.32.47:989][221]LogPlayLevel: PIE: Created PIE world by copying editor world from /Game/Maps/Main.Main to /Game/Maps/UEDPIE_0_Main.Main (0.003398s)
[2019.02.07-07.32.48:047][221]LogInit: XAudio2 using 'Headphones (Xbox Controller)' : 1 channels at 24 kHz using 16 bits per sample (channel mask 0x0)
[2019.02.07-07.32.48:061][221]LogInit: FAudioDevice initialized.
[2019.02.07-07.32.48:073][221]LogSlate: Updating window title bar state: overlay mode, drag disabled, window buttons hidden, title bar hidden
[2019.02.07-07.32.48:122][221]LogLoad: Game class is 'BP_GameMode_C'
[2019.02.07-07.32.48:124][221]LogWorld: Bringing World /Game/Maps/UEDPIE_0_Main.Main up for play (max tick rate 0) at 2019.02.07-02.32.48
[2019.02.07-07.32.48:124][221]LogWorld: Bringing up level for play took: 0.001225
[2019.02.07-07.32.48:146][221]PIE: Play in editor start time for /Game/Maps/UEDPIE_0_Main 0.904
[2019.02.07-07.32.54:256][740]LogSlate: FSceneViewport::OnFocusLost() reason 0
[2019.02.07-07.32.54:366][748]LogNet: Browse: /Game/Maps/Main
[2019.02.07-07.32.54:366][748]LogLoad: LoadMap: /Game/Maps/Main
[2019.02.07-07.32.54:517][748]LogPlayLevel: Creating play world package: /Game/Maps/UEDPIE_0_Main
[2019.02.07-07.32.54:519][748]LogPlayLevel: PIE: StaticDuplicateObject took: (0.002073s)
[2019.02.07-07.32.54:520][748]LogAIModule: Creating AISystem for world Main
[2019.02.07-07.32.54:520][748]LogPlayLevel: PIE: World Init took: (0.000976s)
[2019.02.07-07.32.54:521][748]LogPlayLevel: PIE: Created PIE world by copying editor world from /Game/Maps/Main.Main to /Game/Maps/UEDPIE_0_Main.Main (0.003319s)
[2019.02.07-07.32.54:521][748]LogLoad: Game class is 'BP_GameMode_C'
[2019.02.07-07.32.54:522][748]LogWorld: Bringing World /Game/Maps/UEDPIE_0_Main.Main up for play (max tick rate 0) at 2019.02.07-02.32.54
[2019.02.07-07.32.54:523][748]LogWorld: Bringing up level for play took: 0.001114
[2019.02.07-07.32.54:550][748]LogLoad: Took 0.184368 seconds to LoadMap(/Game/Maps/UEDPIE_0_Main)
[2019.02.07-07.32.59:830][202]LogSlate: FSceneViewport::OnFocusLost() reason 0
[2019.02.07-07.32.59:922][210]LogSlate: Updating window title bar state: overlay mode, drag disabled, window buttons hidden, title bar hidden
[2019.02.07-07.32.59:938][210]LogSlate: Window 'SpaceBallz Game Preview Standalone (64-bit/PCD3D_SM5)' being destroyed
[2019.02.07-07.32.59:971][210]LogPlayLevel: Display: Shutting down PIE online subsystems
[2019.02.07-07.33.00:029][211]LogPlayLevel: Display: Destroying online subsystem :Context_13
[2019.02.07-07.33.38:300][322]BlueprintLog: New page: Compile BP_Player
[2019.02.07-07.33.39:073][325]Cmd: OBJ SAVEPACKAGE PACKAGE="/Game/Blueprints/BP_Player" FILE="../../../../../../Users/Kyle/Desktop/Game Development/SpaceBallz/Content/Blueprints/BP_Player.uasset" SILENT=true
[2019.02.07-07.33.39:232][325]LogSavePackage: Moving '../../../../../../Users/Kyle/Desktop/Game Development/SpaceBallz/Saved/BP_Player9430636343FD80ED953EE9A571D0A8A9.tmp' to '../../../../../../Users/Kyle/Desktop/Game Development/SpaceBallz/Content/Blueprints/BP_Player.uasset'
[2019.02.07-07.35.05:812][988]BlueprintLog: New page: Compile BP_Player
[2019.02.07-07.36.13:945][114]Cmd: OBJ SAVEPACKAGE PACKAGE="/Game/Maps/Main" FILE="../../../../../../Users/Kyle/Desktop/Game Development/SpaceBallz/Content/Maps/Main.umap" SILENT=true AUTOSAVING=false KEEPDIRTY=false
[2019.02.07-07.36.14:027][114]LogSavePackage: Moving '../../../../../../Users/Kyle/Desktop/Game Development/SpaceBallz/Saved/MainD97E164C4EC6CD327149BCB9B9CF6B3B.tmp' to '../../../../../../Users/Kyle/Desktop/Game Development/SpaceBallz/Content/Maps/Main.umap'
[2019.02.07-07.36.14:057][114]Cmd: OBJ SAVEPACKAGE PACKAGE="/Game/Maps/Main_BuiltData" FILE="../../../../../../Users/Kyle/Desktop/Game Development/SpaceBallz/Content/Maps/Main_BuiltData.uasset" SILENT=true
[2019.02.07-07.36.14:097][114]LogSavePackage: Moving '../../../../../../Users/Kyle/Desktop/Game Development/SpaceBallz/Saved/Main_BuiltDataDE3E9BE84D373C4AA9679A9A0E14023E.tmp' to '../../../../../../Users/Kyle/Desktop/Game Development/SpaceBallz/Content/Maps/Main_BuiltData.uasset'
[2019.02.07-15.54.02:801][789]LogAudio: Warning: Current Audio Device with ID {0.0.0.00000000}.{33feed24-80ea-49b7-8012-32ad5e36ac53} was removed. Shutting down audio device.
[2019.02.07-15.54.02:801][789]LogInit: XAudio2 using 'TOSHIBA-TV-4 (NVIDIA High Definition Audio)' : 2 channels at 48 kHz using 16 bits per sample (channel mask 0x3)
[2019.02.07-15.54.04:700][794]LogInit: XAudio2 using 'Headphones (Xbox Controller)' : 1 channels at 24 kHz using 16 bits per sample (channel mask 0x0)
[2019.02.07-16.05.41:182][865]LogAudio: Warning: Current Audio Device with ID {0.0.0.00000000}.{33feed24-80ea-49b7-8012-32ad5e36ac53} was removed. Shutting down audio device.
